/*C104*/SET SCHEMA PUBLIC
drop table if exists event_details CASCADE 
create table event_details (id varchar(255) not null, alert boolean, event_duration bigint, host varchar(255), type varchar(255), primary key (id))
INSERT INTO EVENT_DETAILS VALUES('b2559e8b-6888-4daf-8dfb-989beca76e99',TRUE,6,'0:0:0:0:0:0:0:1',NULL)
COMMIT
INSERT INTO EVENT_DETAILS VALUES('bfee3362-3797-4b21-a1e6-99c5dbd00d4f',TRUE,13,'0:0:0:0:0:0:0:1',NULL)
COMMIT
INSERT INTO EVENT_DETAILS VALUES('0c179ff8-ec3f-4fdd-b468-9a5b70500aa1',FALSE,1,'0:0:0:0:0:0:0:1',NULL)
COMMIT
/*C116*/SET SCHEMA PUBLIC
SET SCHEMA PUBLIC
SET SCHEMA PUBLIC
/*C113*/SET SCHEMA PUBLIC
DISCONNECT
/*C111*/SET SCHEMA PUBLIC
DISCONNECT
/*C104*/DISCONNECT
/*C106*/SET SCHEMA PUBLIC
DISCONNECT
/*C110*/SET SCHEMA PUBLIC
DISCONNECT
/*C107*/SET SCHEMA PUBLIC
DISCONNECT
/*C108*/SET SCHEMA PUBLIC
DISCONNECT
/*C105*/SET SCHEMA PUBLIC
DISCONNECT
/*C109*/SET SCHEMA PUBLIC
DISCONNECT
/*C112*/SET SCHEMA PUBLIC
DISCONNECT
/*C126*/SET SCHEMA PUBLIC
DISCONNECT
/*C119*/SET SCHEMA PUBLIC
DISCONNECT
/*C124*/SET SCHEMA PUBLIC
DISCONNECT
/*C120*/SET SCHEMA PUBLIC
DISCONNECT
/*C122*/SET SCHEMA PUBLIC
DISCONNECT
/*C123*/SET SCHEMA PUBLIC
DISCONNECT
/*C125*/SET SCHEMA PUBLIC
DISCONNECT
/*C121*/SET SCHEMA PUBLIC
DISCONNECT
/*C118*/SET SCHEMA PUBLIC
DISCONNECT
/*C117*/SET SCHEMA PUBLIC
DISCONNECT
/*C127*/SET SCHEMA PUBLIC
drop table if exists event_details CASCADE 
create table event_details (id varchar(255) not null, alert boolean, event_duration bigint, host varchar(255), type varchar(255), primary key (id))
INSERT INTO EVENT_DETAILS VALUES('855c8114-e983-43fa-b899-5f0bea0afe3d',FALSE,4,'localhost','testcase-1')
COMMIT
/*C128*/SET SCHEMA PUBLIC
INSERT INTO EVENT_DETAILS VALUES('7d5ab2f6-7d35-4362-90e8-4bfabab2bbac',TRUE,7,'localhost','testcase-3')
COMMIT
/*C127*/INSERT INTO EVENT_DETAILS VALUES('b4c72c22-00e5-49a3-930a-edd8168ec5be',FALSE,4,'localhost','testcase-3')
COMMIT
/*C129*/SET SCHEMA PUBLIC
INSERT INTO EVENT_DETAILS VALUES('392b7899-b51d-4970-bff0-47f228696ebe',TRUE,16,'localhost','testcase-3')
COMMIT
/*C130*/SET SCHEMA PUBLIC
INSERT INTO EVENT_DETAILS VALUES('7a02b3e3-536d-48ef-8def-2608d9d5974b',FALSE,2,'localhost','testcase-3')
COMMIT
/*C131*/SET SCHEMA PUBLIC
INSERT INTO EVENT_DETAILS VALUES('ebe29e10-b9bb-40f9-934d-2508bab20d7e',TRUE,5,'localhost','testcase-3')
COMMIT
/*C128*/INSERT INTO EVENT_DETAILS VALUES('ed1726f6-badf-402b-9b29-14b0b74fb18e',FALSE,3,'localhost','testcase-3')
COMMIT
/*C127*/INSERT INTO EVENT_DETAILS VALUES('6802b823-354b-429b-a65b-bee1245ddaf3',TRUE,9,'localhost','testcase-3')
COMMIT
/*C130*/INSERT INTO EVENT_DETAILS VALUES('9457052b-c64c-41ee-8d77-7fb9e9d80c26',FALSE,0,'localhost','testcase-3')
COMMIT
/*C129*/INSERT INTO EVENT_DETAILS VALUES('ee02bfb5-549e-4a3d-acc5-647055cdac86',FALSE,1,'localhost','testcase-3')
COMMIT
/*C131*/INSERT INTO EVENT_DETAILS VALUES('b4a656c2-b78a-400e-b141-34fa5a51d6c0',TRUE,24,'localhost','testcase-3')
COMMIT
/*C127*/DISCONNECT
/*C128*/DISCONNECT
/*C129*/DISCONNECT
/*C130*/DISCONNECT
/*C131*/DISCONNECT
/*C132*/SET SCHEMA PUBLIC
DISCONNECT
/*C133*/SET SCHEMA PUBLIC
DISCONNECT
/*C134*/SET SCHEMA PUBLIC
DISCONNECT
/*C135*/SET SCHEMA PUBLIC
DISCONNECT
/*C136*/SET SCHEMA PUBLIC
DISCONNECT
/*C137*/SET SCHEMA PUBLIC
drop table if exists event_details CASCADE 
create table event_details (id varchar(255) not null, alert boolean, event_duration bigint, host varchar(255), type varchar(255), primary key (id))
INSERT INTO EVENT_DETAILS VALUES('c5fdf90c-2760-49bd-9154-6d35f8f5c6c5',TRUE,19,'0:0:0:0:0:0:0:1',NULL)
COMMIT
INSERT INTO EVENT_DETAILS VALUES('81344fbd-428d-4f3c-bb34-680de8803473',TRUE,6,'0:0:0:0:0:0:0:1',NULL)
COMMIT
/*C146*/SET SCHEMA PUBLIC
DISCONNECT
/*C145*/SET SCHEMA PUBLIC
DISCONNECT
/*C144*/SET SCHEMA PUBLIC
DISCONNECT
/*C143*/SET SCHEMA PUBLIC
DISCONNECT
/*C142*/SET SCHEMA PUBLIC
DISCONNECT
/*C141*/SET SCHEMA PUBLIC
DISCONNECT
/*C140*/SET SCHEMA PUBLIC
DISCONNECT
/*C139*/SET SCHEMA PUBLIC
DISCONNECT
/*C138*/SET SCHEMA PUBLIC
DISCONNECT
/*C137*/DISCONNECT
/*C147*/SET SCHEMA PUBLIC
drop table if exists event_details CASCADE 
create table event_details (id varchar(255) not null, alert boolean, event_duration bigint, host varchar(255), type varchar(255), primary key (id))
INSERT INTO EVENT_DETAILS VALUES('4d588384-b210-4685-a855-1af9d8a54773',TRUE,27425,'0:0:0:0:0:0:0:1',NULL)
COMMIT
INSERT INTO EVENT_DETAILS VALUES('e669ee53-ccdc-4a3d-8bef-4b4b2fc746e3',TRUE,20866,'0:0:0:0:0:0:0:1','application_log')
COMMIT
INSERT INTO EVENT_DETAILS VALUES('05a6d2e6-4391-4311-a2ed-7ab197d6b5e9',TRUE,7,'0:0:0:0:0:0:0:1','application_log')
COMMIT
INSERT INTO EVENT_DETAILS VALUES('f0ed2d7e-b3ed-4404-9403-57c4a5b0cfcb',FALSE,4,'0:0:0:0:0:0:0:1','application_log')
COMMIT
INSERT INTO EVENT_DETAILS VALUES('925404ac-298f-48d7-b91d-bea550f6d535',TRUE,5,'0:0:0:0:0:0:0:1','application_log')
COMMIT
INSERT INTO EVENT_DETAILS VALUES('7524e047-b8ff-4e52-99d2-c29980cbfe9e',TRUE,5,'0:0:0:0:0:0:0:1','application_log')
COMMIT
INSERT INTO EVENT_DETAILS VALUES('7989893b-a421-44a0-9447-2276ef0ef3bf',FALSE,2,'0:0:0:0:0:0:0:1','application_log')
COMMIT
INSERT INTO EVENT_DETAILS VALUES('777fe726-513e-4553-87b8-e4778d310a23',TRUE,6,'0:0:0:0:0:0:0:1','application_log')
COMMIT
INSERT INTO EVENT_DETAILS VALUES('58872545-a073-478c-98b5-e3bc66b4a319',TRUE,6,'0:0:0:0:0:0:0:1','application_log')
COMMIT
INSERT INTO EVENT_DETAILS VALUES('7ce98fe8-6fd4-48b2-b412-f6c3991d73db',FALSE,4,'0:0:0:0:0:0:0:1','application_log')
COMMIT
INSERT INTO EVENT_DETAILS VALUES('1ebff7cc-550b-457c-9ab2-1084074ef608',FALSE,3,'0:0:0:0:0:0:0:1','application_log')
COMMIT
INSERT INTO EVENT_DETAILS VALUES('d59cd082-45ab-402f-8a62-8e77c551aaf6',FALSE,1,'0:0:0:0:0:0:0:1','application_log')
COMMIT
DISCONNECT
/*C148*/SET SCHEMA PUBLIC
DISCONNECT
/*C149*/SET SCHEMA PUBLIC
DISCONNECT
/*C150*/SET SCHEMA PUBLIC
DISCONNECT
/*C151*/SET SCHEMA PUBLIC
DISCONNECT
/*C152*/SET SCHEMA PUBLIC
DISCONNECT
/*C153*/SET SCHEMA PUBLIC
DISCONNECT
/*C154*/SET SCHEMA PUBLIC
DISCONNECT
/*C155*/SET SCHEMA PUBLIC
DISCONNECT
/*C156*/SET SCHEMA PUBLIC
DISCONNECT
/*C157*/SET SCHEMA PUBLIC
drop table if exists event_details CASCADE 
create table event_details (id varchar(255) not null, alert boolean, event_duration bigint, host varchar(255), type varchar(255), primary key (id))
INSERT INTO EVENT_DETAILS VALUES('9e478e2e-e857-4bc6-bf58-9b9b8c85ae8f',FALSE,2,'localhost','testcase-1')
COMMIT
INSERT INTO EVENT_DETAILS VALUES('4622c820-f7d3-4dba-8623-6cda92a4c84c',FALSE,4,'localhost','testcase-3')
COMMIT
/*C158*/SET SCHEMA PUBLIC
INSERT INTO EVENT_DETAILS VALUES('5278fa83-6e25-4578-9104-cd91fd59658c',TRUE,8,'localhost','testcase-3')
COMMIT
/*C159*/SET SCHEMA PUBLIC
INSERT INTO EVENT_DETAILS VALUES('d11e96e0-15b3-4fb3-bf40-516f37b14333',FALSE,0,'localhost','testcase-3')
COMMIT
/*C160*/SET SCHEMA PUBLIC
INSERT INTO EVENT_DETAILS VALUES('f30e6cab-69f3-4661-9fe9-ded4ea5cccd1',FALSE,4,'localhost','testcase-3')
COMMIT
/*C158*/INSERT INTO EVENT_DETAILS VALUES('d0e99475-ff53-4461-a200-5ff7c0434879',TRUE,8,'localhost','testcase-3')
COMMIT
INSERT INTO EVENT_DETAILS VALUES('852a5396-bc7c-4c6b-a62f-f471e05c399c',TRUE,16,'localhost','testcase-3')
COMMIT
/*C159*/INSERT INTO EVENT_DETAILS VALUES('ab38bd8a-4e71-4706-a23c-cf7bee9d1503',TRUE,18,'localhost','testcase-3')
COMMIT
/*C157*/INSERT INTO EVENT_DETAILS VALUES('8eda0599-2168-43fe-aa41-85774eed9d0a',TRUE,10,'localhost','testcase-3')
COMMIT
/*C160*/INSERT INTO EVENT_DETAILS VALUES('05a8a67f-e12a-496c-9580-8af0e90244b8',TRUE,6,'localhost','testcase-3')
COMMIT
/*C158*/INSERT INTO EVENT_DETAILS VALUES('8db40430-5b4c-4de0-aff4-8b65f0a56d98',FALSE,3,'localhost','testcase-3')
COMMIT
/*C157*/DISCONNECT
/*C158*/DISCONNECT
/*C159*/DISCONNECT
/*C160*/DISCONNECT
/*C161*/SET SCHEMA PUBLIC
DISCONNECT
/*C162*/SET SCHEMA PUBLIC
DISCONNECT
/*C163*/SET SCHEMA PUBLIC
DISCONNECT
/*C164*/SET SCHEMA PUBLIC
DISCONNECT
/*C165*/SET SCHEMA PUBLIC
DISCONNECT
/*C166*/SET SCHEMA PUBLIC
DISCONNECT
/*C167*/SET SCHEMA PUBLIC
drop table if exists event_details CASCADE 
create table event_details (id varchar(255) not null, alert boolean, event_duration bigint, host varchar(255), type varchar(255), primary key (id))
INSERT INTO EVENT_DETAILS VALUES('da7714ee-6fa8-4a8e-a33b-0d5bde16cc87',TRUE,8,'0:0:0:0:0:0:0:1','application_log')
COMMIT
INSERT INTO EVENT_DETAILS VALUES('7614b035-f81d-4667-9180-a4cc3061d1b1',TRUE,20,'0:0:0:0:0:0:0:1','application_log')
COMMIT
INSERT INTO EVENT_DETAILS VALUES('38242b58-123e-47f6-9c0f-e461b22dce56',FALSE,2,'0:0:0:0:0:0:0:1','application_log')
COMMIT
INSERT INTO EVENT_DETAILS VALUES('8eff730a-ceeb-4139-9850-7885357ea5e6',FALSE,1,'0:0:0:0:0:0:0:1','application_log')
COMMIT
INSERT INTO EVENT_DETAILS VALUES('0a6e8784-c9e5-4ba1-9fa6-ecbd59942e91',FALSE,1,'0:0:0:0:0:0:0:1','application_log')
COMMIT
DISCONNECT
/*C168*/SET SCHEMA PUBLIC
DISCONNECT
/*C169*/SET SCHEMA PUBLIC
DISCONNECT
/*C170*/SET SCHEMA PUBLIC
DISCONNECT
/*C171*/SET SCHEMA PUBLIC
DISCONNECT
/*C172*/SET SCHEMA PUBLIC
DISCONNECT
/*C173*/SET SCHEMA PUBLIC
DISCONNECT
/*C174*/SET SCHEMA PUBLIC
DISCONNECT
/*C175*/SET SCHEMA PUBLIC
DISCONNECT
/*C176*/SET SCHEMA PUBLIC
DISCONNECT
